<?xml version="1.0" encoding="UTF-8"?>
<!-- Generated by org.testng.reporters.JUnitReportReporter -->
<testsuite skipped="0" hostname="Desktop" name="com.training.tekarch.test.HomePageTest" tests="5" failures="0" timestamp="2022-07-04T14:54:32 PDT" time="136.521" errors="0">
  <testcase name="TC07_ValidateMyProfile" time="64.531" classname="com.training.tekarch.test.HomePageTest"/>
  <system-out/>
  <testcase name="TC08_verifyDeveloperConsole" time="14.655" classname="com.training.tekarch.test.HomePageTest"/>
  <system-out/>
  <testcase name="TC08_ValidateMySettings" time="29.238" classname="com.training.tekarch.test.HomePageTest"/>
  <system-out/>
  <testcase name="TC06_UserMenuDropdownOptions" time="14.750" classname="com.training.tekarch.test.HomePageTest"/>
  <system-out/>
  <testcase name="TC09_verifyLogoutOption" time="13.347" classname="com.training.tekarch.test.HomePageTest"/>
  <system-out/>
</testsuite> <!-- com.training.tekarch.test.HomePageTest -->
