<?xml version="1.0" encoding="UTF-8"?>
<!-- Generated by org.testng.reporters.JUnitReportReporter -->
<testsuite skipped="0" hostname="Desktop" name="com.training.tekarch.test.AccountsPageTest" tests="1" failures="0" timestamp="2022-07-04T21:54:29 PDT" time="22.895" errors="0">
  <testcase name="TC12_verifyCreateNewView" time="22.895" classname="com.training.tekarch.test.AccountsPageTest"/>
  <system-out/>
</testsuite> <!-- com.training.tekarch.test.AccountsPageTest -->
